modules/screen-recorder/android/build/intermediates/manifest_merge_blame_file/debug/processDebugManifest/manifest-merger-blame-debug-report.txt
1<?xml version="1.0" encoding="utf-8"?>
2<manifest xmlns:android="http://schemas.android.com/apk/res/android"
3    package="expo.modules.screenrecorder" >
4
5    <uses-sdk android:minSdkVersion="24" />
6
7    <uses-permission android:name="android.permission.FOREGROUND_SERVICE" />
7-->src\main\AndroidManifest.xml:4:3-75
7-->src\main\AndroidManifest.xml:4:20-72
8    <uses-permission android:name="android.permission.FOREGROUND_SERVICE_MEDIA_PROJECTION" />
8-->src\main\AndroidManifest.xml:5:3-92
8-->src\main\AndroidManifest.xml:5:20-89
9    <uses-permission android:name="android.permission.RECORD_AUDIO" />
9-->src\main\AndroidManifest.xml:6:3-69
9-->src\main\AndroidManifest.xml:6:20-66
10
11    <application>
11-->src\main\AndroidManifest.xml:8:3-13:17
12        <service
12-->src\main\AndroidManifest.xml:9:5-12:34
13            android:name="expo.modules.screenrecorder.ScreenRecorderService"
13-->src\main\AndroidManifest.xml:10:7-71
14            android:exported="false"
14-->src\main\AndroidManifest.xml:12:7-31
15            android:foregroundServiceType="mediaProjection" />
15-->src\main\AndroidManifest.xml:11:7-54
16    </application>
17
18</manifest>